<?xml version="1.0" encoding="UTF-8"?>
<beans xmlns="http://www.springframework.org/schema/beans"
	xmlns:xsi="http://www.w3.org/2001/XMLSchema-instance"
	xmlns:p="http://www.springframework.org/schema/p"
	xmlns:util="http://www.springframework.org/schema/util"
	xmlns:context="http://www.springframework.org/schema/context"
	xmlns:jpa="http://www.springframework.org/schema/data/jpa"
	xsi:schemaLocation="http://www.springframework.org/schema/beans http://www.springframework.org/schema/beans/spring-beans-3.1.xsd
		http://www.springframework.org/schema/util http://www.springframework.org/schema/util/spring-util-3.1.xsd
		http://www.springframework.org/schema/data/jpa http://www.springframework.org/schema/data/jpa/spring-jpa-1.1.xsd
		http://www.springframework.org/schema/context http://www.springframework.org/schema/context/spring-context-3.1.xsd">
		
	<import resource="infrastructure.xml" />
	
	<jpa:repositories base-package="net.slipp.repository" />
	
	<context:property-placeholder location="classpath*:application-properties.xml" />
	
	<bean id="applicationProperties" class="net.slipp.support.utils.ConvenientProperties">
		<constructor-arg index="0">
			<util:properties location="classpath:application-properties.xml" />
		</constructor-arg>
	</bean>    
</beans>